[0mOPTIONS /login [32m200 [0m6.248 ms - 4[0m
[0mPOST /login [32m200 [0m842.701 ms - 218[0m
[0mOPTIONS /config [32m200 [0m2.786 ms - 4[0m
[0mPOST /config [32m200 [0m187.409 ms - 27[0m
[0mOPTIONS /config [32m200 [0m2.609 ms - 4[0m
[0mPOST /config [32m200 [0m17.655 ms - 27[0m
[0mOPTIONS /config [32m200 [0m2.839 ms - 4[0m
[0mPOST /config [32m200 [0m19.380 ms - 27[0m
[0mOPTIONS /config [32m200 [0m0.756 ms - 4[0m
[0mPOST /config [32m200 [0m2.184 ms - 27[0m
[0mOPTIONS /config [32m200 [0m0.226 ms - 4[0m
[0mPOST /config [32m200 [0m1.545 ms - 27[0m
[0mOPTIONS /login [32m200 [0m0.275 ms - 4[0m
[0mPOST /login [32m200 [0m179.296 ms - 262[0m
[0mOPTIONS /login [32m200 [0m2.892 ms - 4[0m
[0mPOST /login [32m200 [0m185.028 ms - 262[0m
[0mOPTIONS /login [32m200 [0m2.969 ms - 4[0m
[0mPOST /login [32m200 [0m182.890 ms - 262[0m
[0mOPTIONS /login [32m200 [0m2.766 ms - 4[0m
[0mPOST /login [32m200 [0m183.957 ms - 262[0m
[0mOPTIONS /config [32m200 [0m0.633 ms - 4[0m
[0mPOST /config [32m200 [0m5.049 ms - 27[0m
[0mOPTIONS /login [32m200 [0m0.222 ms - 4[0m
[0mPOST /login [32m200 [0m157.278 ms - 262[0m
[0mOPTIONS /login [32m200 [0m2.815 ms - 4[0m
[0mPOST /login [32m200 [0m180.249 ms - 262[0m
[0mOPTIONS /login [32m200 [0m0.536 ms - 4[0m
[0mPOST /login [32m200 [0m158.918 ms - 262[0m
[0mOPTIONS /login [32m200 [0m0.276 ms - 4[0m
[0mPOST /login [32m200 [0m155.343 ms - 262[0m
[0mOPTIONS /login [32m200 [0m2.910 ms - 4[0m
[0mPOST /login [32m200 [0m182.884 ms - 262[0m
[0mOPTIONS /login [32m200 [0m0.507 ms - 4[0m
[0mPOST /login [32m200 [0m158.443 ms - 262[0m
[0mOPTIONS /login [32m200 [0m2.921 ms - 4[0m
[0mPOST /login [32m200 [0m183.358 ms - 262[0m
[0mOPTIONS /login [32m200 [0m2.841 ms - 4[0m
[0mPOST /login [32m200 [0m180.532 ms - 262[0m
[0mOPTIONS /login [32m200 [0m2.818 ms - 4[0m
[0mPOST /login [32m200 [0m180.403 ms - 262[0m
[0mOPTIONS /login [32m200 [0m3.086 ms - 4[0m
[0mPOST /login [32m200 [0m184.907 ms - 262[0m
[0mOPTIONS /login [32m200 [0m2.683 ms - 4[0m
[0mPOST /login [32m200 [0m179.208 ms - 262[0m
[0mOPTIONS /config [32m200 [0m2.938 ms - 4[0m
[0mPOST /config [32m200 [0m19.284 ms - 27[0m
[0mOPTIONS /login [32m200 [0m2.840 ms - 4[0m
[0mPOST /login [32m200 [0m184.009 ms - 230[0m
[0mOPTIONS /config [32m200 [0m2.861 ms - 4[0m
[0mPOST /config [32m200 [0m19.097 ms - 27[0m
[0mOPTIONS /config [32m200 [0m2.767 ms - 4[0m
[0mPOST /config [32m200 [0m19.170 ms - 27[0m
[0mOPTIONS /config [32m200 [0m2.615 ms - 4[0m
[0mPOST /config [32m200 [0m19.393 ms - 27[0m
[0mOPTIONS /login [32m200 [0m2.627 ms - 4[0m
[0mPOST /login [32m200 [0m181.561 ms - 262[0m
[0mOPTIONS /config [32m200 [0m2.786 ms - 4[0m
[0mPOST /config [32m200 [0m18.914 ms - 27[0m
[0mOPTIONS /config [32m200 [0m2.897 ms - 4[0m
[0mPOST /config [32m200 [0m17.874 ms - 27[0m
[0mOPTIONS /login [32m200 [0m2.687 ms - 4[0m
[0mPOST /login [32m200 [0m188.351 ms - 262[0m
[0mOPTIONS /login [32m200 [0m2.808 ms - 4[0m
[0mPOST /login [32m200 [0m187.777 ms - 262[0m
[0mOPTIONS /login [32m200 [0m0.611 ms - 4[0m
[0mPOST /login [32m200 [0m162.453 ms - 262[0m
[0mOPTIONS /login [32m200 [0m2.867 ms - 4[0m
[0mPOST /login [32m200 [0m186.950 ms - 262[0m
[0mOPTIONS /login [32m200 [0m0.649 ms - 4[0m
[0mOPTIONS /login [32m200 [0m0.246 ms - 4[0m
[0mPOST /login [32m200 [0m164.098 ms - 262[0m
[0mPOST /login [32m200 [0m159.286 ms - 262[0m
[0mOPTIONS /login [32m200 [0m3.158 ms - 4[0m
[0mPOST /login [32m200 [0m185.684 ms - 262[0m
[0mOPTIONS /login [32m200 [0m2.777 ms - 4[0m
[0mPOST /login [32m200 [0m420.214 ms - 262[0m
[0mOPTIONS /login [32m200 [0m0.608 ms - 4[0m
[0mPOST /login [33m401 [0m2.298 ms - -[0m
[0mOPTIONS /login [32m200 [0m0.230 ms - 4[0m
[0mPOST /login [32m200 [0m157.192 ms - 262[0m
[0mOPTIONS /login [32m200 [0m0.205 ms - 4[0m
[0mPOST /login [32m200 [0m156.258 ms - 262[0m
[0mOPTIONS /login [32m200 [0m2.718 ms - 4[0m
[0mPOST /login [32m200 [0m181.734 ms - 262[0m
[0mOPTIONS /login [32m200 [0m3.206 ms - 4[0m
[0mPOST /login [32m200 [0m186.068 ms - 262[0m
[0mOPTIONS /login [32m200 [0m3.135 ms - 4[0m
[0mPOST /login [32m200 [0m186.527 ms - 262[0m
[0mOPTIONS /login [32m200 [0m0.573 ms - 4[0m
[0mPOST /login [32m200 [0m159.183 ms - 262[0m
[0mOPTIONS /login [32m200 [0m0.243 ms - 4[0m
[0mPOST /login [32m200 [0m157.571 ms - 262[0m
[0mOPTIONS /config [32m200 [0m4.862 ms - 4[0m
[0mPOST /config [32m200 [0m302.137 ms - 27[0m
